{"/home/razvan/bright/src/components/index.ts": {"path":"/home/razvan/bright/src/components/index.ts","all":false,"statementMap":{"0":{"start":{"line":1,"column":0},"end":{"line":1,"column":23}},"1":{"start":{"line":2,"column":0},"end":{"line":2,"column":25}},"2":{"start":{"line":3,"column":0},"end":{"line":3,"column":32}},"3":{"start":{"line":4,"column":0},"end":{"line":4,"column":26}}},"s":{"0":1,"1":1,"2":1,"3":1},"branchMap":{},"b":{},"fnMap":{},"f":{}}
,"/home/razvan/bright/src/components/Card/Card.tsx": {"path":"/home/razvan/bright/src/components/Card/Card.tsx","all":false,"statementMap":{"0":{"start":{"line":1,"column":0},"end":{"line":1,"column":20}},"9":{"start":{"line":10,"column":0},"end":{"line":10,"column":22}},"10":{"start":{"line":11,"column":0},"end":{"line":11,"column":22}},"11":{"start":{"line":12,"column":0},"end":{"line":12,"column":74}},"12":{"start":{"line":13,"column":0},"end":{"line":13,"column":7}},"13":{"start":{"line":14,"column":0},"end":{"line":14,"column":30}},"14":{"start":{"line":15,"column":0},"end":{"line":15,"column":18}},"15":{"start":{"line":16,"column":0},"end":{"line":16,"column":10}},"16":{"start":{"line":17,"column":0},"end":{"line":17,"column":26}},"17":{"start":{"line":18,"column":0},"end":{"line":18,"column":77}},"18":{"start":{"line":19,"column":0},"end":{"line":19,"column":60}},"19":{"start":{"line":20,"column":0},"end":{"line":20,"column":12}},"20":{"start":{"line":21,"column":0},"end":{"line":21,"column":45}},"21":{"start":{"line":22,"column":0},"end":{"line":22,"column":49}},"22":{"start":{"line":23,"column":0},"end":{"line":23,"column":10}},"24":{"start":{"line":25,"column":0},"end":{"line":25,"column":2}}},"s":{"0":1,"9":1,"10":36,"11":36,"12":36,"13":36,"14":36,"15":36,"16":36,"17":36,"18":36,"19":36,"20":36,"21":36,"22":36,"24":36},"branchMap":{"0":{"type":"branch","line":10,"loc":{"start":{"line":10,"column":20},"end":{"line":25,"column":2}},"locations":[{"start":{"line":10,"column":20},"end":{"line":25,"column":2}}]}},"b":{"0":[36]},"fnMap":{"0":{"name":"Card","decl":{"start":{"line":10,"column":20},"end":{"line":25,"column":2}},"loc":{"start":{"line":10,"column":20},"end":{"line":25,"column":2}},"line":10}},"f":{"0":36}}
,"/home/razvan/bright/src/components/Card/index.ts": {"path":"/home/razvan/bright/src/components/Card/index.ts","all":false,"statementMap":{"0":{"start":{"line":1,"column":0},"end":{"line":1,"column":23}}},"s":{"0":1},"branchMap":{},"b":{},"fnMap":{},"f":{}}
,"/home/razvan/bright/src/components/Details/Details.tsx": {"path":"/home/razvan/bright/src/components/Details/Details.tsx","all":false,"statementMap":{"0":{"start":{"line":1,"column":0},"end":{"line":1,"column":23}},"2":{"start":{"line":3,"column":0},"end":{"line":3,"column":30}},"3":{"start":{"line":4,"column":0},"end":{"line":4,"column":10}},"4":{"start":{"line":5,"column":0},"end":{"line":5,"column":34}},"5":{"start":{"line":6,"column":0},"end":{"line":6,"column":9}},"9":{"start":{"line":10,"column":0},"end":{"line":10,"column":10}},"10":{"start":{"line":11,"column":0},"end":{"line":11,"column":9}},"13":{"start":{"line":14,"column":0},"end":{"line":14,"column":10}},"14":{"start":{"line":15,"column":0},"end":{"line":15,"column":10}},"16":{"start":{"line":17,"column":0},"end":{"line":17,"column":2}}},"s":{"0":1,"2":1,"3":20,"4":20,"5":20,"9":20,"10":20,"13":20,"14":20,"16":20},"branchMap":{"0":{"type":"branch","line":3,"loc":{"start":{"line":3,"column":23},"end":{"line":17,"column":2}},"locations":[{"start":{"line":3,"column":23},"end":{"line":17,"column":2}}]}},"b":{"0":[20]},"fnMap":{"0":{"name":"Details","decl":{"start":{"line":3,"column":23},"end":{"line":17,"column":2}},"loc":{"start":{"line":3,"column":23},"end":{"line":17,"column":2}},"line":3}},"f":{"0":20}}
,"/home/razvan/bright/src/components/Details/index.ts": {"path":"/home/razvan/bright/src/components/Details/index.ts","all":false,"statementMap":{"0":{"start":{"line":1,"column":0},"end":{"line":1,"column":26}}},"s":{"0":1},"branchMap":{},"b":{},"fnMap":{},"f":{}}
,"/home/razvan/bright/src/components/Header/Header.tsx": {"path":"/home/razvan/bright/src/components/Header/Header.tsx","all":false,"statementMap":{"0":{"start":{"line":1,"column":0},"end":{"line":1,"column":26}},"1":{"start":{"line":2,"column":0},"end":{"line":2,"column":22}},"3":{"start":{"line":4,"column":0},"end":{"line":4,"column":39}},"4":{"start":{"line":5,"column":0},"end":{"line":5,"column":10}},"5":{"start":{"line":6,"column":0},"end":{"line":6,"column":31}},"6":{"start":{"line":7,"column":0},"end":{"line":7,"column":31}},"7":{"start":{"line":8,"column":0},"end":{"line":8,"column":68}},"8":{"start":{"line":9,"column":0},"end":{"line":9,"column":13}},"10":{"start":{"line":11,"column":0},"end":{"line":11,"column":2}}},"s":{"0":1,"1":1,"3":1,"4":12,"5":12,"6":12,"7":12,"8":12,"10":12},"branchMap":{"0":{"type":"branch","line":4,"loc":{"start":{"line":4,"column":32},"end":{"line":11,"column":2}},"locations":[{"start":{"line":4,"column":32},"end":{"line":11,"column":2}}]}},"b":{"0":[12]},"fnMap":{"0":{"name":"Header","decl":{"start":{"line":4,"column":32},"end":{"line":11,"column":2}},"loc":{"start":{"line":4,"column":32},"end":{"line":11,"column":2}},"line":4}},"f":{"0":12}}
,"/home/razvan/bright/src/components/Header/index.ts": {"path":"/home/razvan/bright/src/components/Header/index.ts","all":false,"statementMap":{"0":{"start":{"line":1,"column":0},"end":{"line":1,"column":25}}},"s":{"0":1},"branchMap":{},"b":{},"fnMap":{},"f":{}}
,"/home/razvan/bright/src/components/Questionnaire/Questionnaire.tsx": {"path":"/home/razvan/bright/src/components/Questionnaire/Questionnaire.tsx","all":false,"statementMap":{"0":{"start":{"line":1,"column":0},"end":{"line":1,"column":8}},"6":{"start":{"line":7,"column":0},"end":{"line":7,"column":29}},"7":{"start":{"line":8,"column":0},"end":{"line":8,"column":65}},"8":{"start":{"line":9,"column":0},"end":{"line":9,"column":56}},"9":{"start":{"line":10,"column":0},"end":{"line":10,"column":69}},"10":{"start":{"line":11,"column":0},"end":{"line":11,"column":41}},"11":{"start":{"line":12,"column":0},"end":{"line":12,"column":34}},"13":{"start":{"line":14,"column":0},"end":{"line":14,"column":36}},"14":{"start":{"line":15,"column":0},"end":{"line":15,"column":32}},"15":{"start":{"line":16,"column":0},"end":{"line":16,"column":70}},"16":{"start":{"line":17,"column":0},"end":{"line":17,"column":77}},"17":{"start":{"line":18,"column":0},"end":{"line":18,"column":75}},"18":{"start":{"line":19,"column":0},"end":{"line":19,"column":34}},"20":{"start":{"line":21,"column":0},"end":{"line":21,"column":70}},"21":{"start":{"line":22,"column":0},"end":{"line":22,"column":63}},"23":{"start":{"line":24,"column":0},"end":{"line":24,"column":10}},"24":{"start":{"line":25,"column":0},"end":{"line":25,"column":56}},"25":{"start":{"line":26,"column":0},"end":{"line":26,"column":41}},"27":{"start":{"line":28,"column":0},"end":{"line":28,"column":8}},"28":{"start":{"line":29,"column":0},"end":{"line":29,"column":56}},"29":{"start":{"line":30,"column":0},"end":{"line":30,"column":61}},"31":{"start":{"line":32,"column":0},"end":{"line":32,"column":19}},"32":{"start":{"line":33,"column":0},"end":{"line":33,"column":31}},"33":{"start":{"line":34,"column":0},"end":{"line":34,"column":32}},"34":{"start":{"line":35,"column":0},"end":{"line":35,"column":26}},"35":{"start":{"line":36,"column":0},"end":{"line":36,"column":19}},"36":{"start":{"line":37,"column":0},"end":{"line":37,"column":13}},"38":{"start":{"line":39,"column":0},"end":{"line":39,"column":19}},"39":{"start":{"line":40,"column":0},"end":{"line":40,"column":20}},"40":{"start":{"line":41,"column":0},"end":{"line":41,"column":27}},"41":{"start":{"line":42,"column":0},"end":{"line":42,"column":33}},"42":{"start":{"line":43,"column":0},"end":{"line":43,"column":5}},"43":{"start":{"line":44,"column":0},"end":{"line":44,"column":44}},"45":{"start":{"line":46,"column":0},"end":{"line":46,"column":37}},"46":{"start":{"line":47,"column":0},"end":{"line":47,"column":53}},"47":{"start":{"line":48,"column":0},"end":{"line":48,"column":67}},"49":{"start":{"line":50,"column":0},"end":{"line":50,"column":27}},"50":{"start":{"line":51,"column":0},"end":{"line":51,"column":39}},"51":{"start":{"line":52,"column":0},"end":{"line":52,"column":40}},"52":{"start":{"line":53,"column":0},"end":{"line":53,"column":6}},"53":{"start":{"line":54,"column":0},"end":{"line":54,"column":39}},"54":{"start":{"line":55,"column":0},"end":{"line":55,"column":4}},"56":{"start":{"line":57,"column":0},"end":{"line":57,"column":46}},"57":{"start":{"line":58,"column":0},"end":{"line":58,"column":78}},"58":{"start":{"line":59,"column":0},"end":{"line":59,"column":55}},"59":{"start":{"line":60,"column":0},"end":{"line":60,"column":5}},"60":{"start":{"line":61,"column":0},"end":{"line":61,"column":62}},"62":{"start":{"line":63,"column":0},"end":{"line":63,"column":46}},"63":{"start":{"line":64,"column":0},"end":{"line":64,"column":35}},"64":{"start":{"line":65,"column":0},"end":{"line":65,"column":53}},"65":{"start":{"line":66,"column":0},"end":{"line":66,"column":5}},"66":{"start":{"line":67,"column":0},"end":{"line":67,"column":45}},"68":{"start":{"line":69,"column":0},"end":{"line":69,"column":19}},"69":{"start":{"line":70,"column":0},"end":{"line":70,"column":52}},"71":{"start":{"line":72,"column":0},"end":{"line":72,"column":48}},"72":{"start":{"line":73,"column":0},"end":{"line":73,"column":30}},"73":{"start":{"line":74,"column":0},"end":{"line":74,"column":29}},"75":{"start":{"line":76,"column":0},"end":{"line":76,"column":29}},"76":{"start":{"line":77,"column":0},"end":{"line":77,"column":27}},"77":{"start":{"line":78,"column":0},"end":{"line":78,"column":14}},"78":{"start":{"line":79,"column":0},"end":{"line":79,"column":27}},"79":{"start":{"line":80,"column":0},"end":{"line":80,"column":7}},"80":{"start":{"line":81,"column":0},"end":{"line":81,"column":6}},"82":{"start":{"line":83,"column":0},"end":{"line":83,"column":74}},"83":{"start":{"line":84,"column":0},"end":{"line":84,"column":18}},"84":{"start":{"line":85,"column":0},"end":{"line":85,"column":59}},"85":{"start":{"line":86,"column":0},"end":{"line":86,"column":6}},"86":{"start":{"line":87,"column":0},"end":{"line":87,"column":62}},"88":{"start":{"line":89,"column":0},"end":{"line":89,"column":19}},"89":{"start":{"line":90,"column":0},"end":{"line":90,"column":53}},"90":{"start":{"line":91,"column":0},"end":{"line":91,"column":30}},"92":{"start":{"line":93,"column":0},"end":{"line":93,"column":68}},"93":{"start":{"line":94,"column":0},"end":{"line":94,"column":31}},"94":{"start":{"line":95,"column":0},"end":{"line":95,"column":27}},"95":{"start":{"line":96,"column":0},"end":{"line":96,"column":72}},"96":{"start":{"line":97,"column":0},"end":{"line":97,"column":31}},"97":{"start":{"line":98,"column":0},"end":{"line":98,"column":27}},"98":{"start":{"line":99,"column":0},"end":{"line":99,"column":7}},"99":{"start":{"line":100,"column":0},"end":{"line":100,"column":6}},"101":{"start":{"line":102,"column":0},"end":{"line":102,"column":54}},"102":{"start":{"line":103,"column":0},"end":{"line":103,"column":18}},"103":{"start":{"line":104,"column":0},"end":{"line":104,"column":59}},"104":{"start":{"line":105,"column":0},"end":{"line":105,"column":6}},"105":{"start":{"line":106,"column":0},"end":{"line":106,"column":56}},"107":{"start":{"line":108,"column":0},"end":{"line":108,"column":70}},"108":{"start":{"line":109,"column":0},"end":{"line":109,"column":33}},"109":{"start":{"line":110,"column":0},"end":{"line":110,"column":56}},"110":{"start":{"line":111,"column":0},"end":{"line":111,"column":52}},"111":{"start":{"line":112,"column":0},"end":{"line":112,"column":8}},"113":{"start":{"line":114,"column":0},"end":{"line":114,"column":39}},"114":{"start":{"line":115,"column":0},"end":{"line":115,"column":48}},"115":{"start":{"line":116,"column":0},"end":{"line":116,"column":77}},"116":{"start":{"line":117,"column":0},"end":{"line":117,"column":30}},"117":{"start":{"line":118,"column":0},"end":{"line":118,"column":14}},"118":{"start":{"line":119,"column":0},"end":{"line":119,"column":64}},"119":{"start":{"line":120,"column":0},"end":{"line":120,"column":7}},"120":{"start":{"line":121,"column":0},"end":{"line":121,"column":7}},"121":{"start":{"line":122,"column":0},"end":{"line":122,"column":22}},"122":{"start":{"line":123,"column":0},"end":{"line":123,"column":25}},"123":{"start":{"line":124,"column":0},"end":{"line":124,"column":12}},"124":{"start":{"line":125,"column":0},"end":{"line":125,"column":4}},"126":{"start":{"line":127,"column":0},"end":{"line":127,"column":30}},"127":{"start":{"line":128,"column":0},"end":{"line":128,"column":64}},"129":{"start":{"line":130,"column":0},"end":{"line":130,"column":30}},"130":{"start":{"line":131,"column":0},"end":{"line":131,"column":39}},"131":{"start":{"line":132,"column":0},"end":{"line":132,"column":39}},"132":{"start":{"line":133,"column":0},"end":{"line":133,"column":5}},"133":{"start":{"line":134,"column":0},"end":{"line":134,"column":4}},"135":{"start":{"line":136,"column":0},"end":{"line":136,"column":29}},"136":{"start":{"line":137,"column":0},"end":{"line":137,"column":26}},"137":{"start":{"line":138,"column":0},"end":{"line":138,"column":53}},"138":{"start":{"line":139,"column":0},"end":{"line":139,"column":48}},"139":{"start":{"line":140,"column":0},"end":{"line":140,"column":49}},"140":{"start":{"line":141,"column":0},"end":{"line":141,"column":4}},"142":{"start":{"line":143,"column":0},"end":{"line":143,"column":14}},"143":{"start":{"line":144,"column":0},"end":{"line":144,"column":12}},"144":{"start":{"line":145,"column":0},"end":{"line":145,"column":67}},"145":{"start":{"line":146,"column":0},"end":{"line":146,"column":63}},"147":{"start":{"line":148,"column":0},"end":{"line":148,"column":17}},"148":{"start":{"line":149,"column":0},"end":{"line":149,"column":12}},"150":{"start":{"line":151,"column":0},"end":{"line":151,"column":3}},"152":{"start":{"line":153,"column":0},"end":{"line":153,"column":18}},"153":{"start":{"line":154,"column":0},"end":{"line":154,"column":12}},"154":{"start":{"line":155,"column":0},"end":{"line":155,"column":37}},"155":{"start":{"line":156,"column":0},"end":{"line":156,"column":40}},"156":{"start":{"line":157,"column":0},"end":{"line":157,"column":12}},"158":{"start":{"line":159,"column":0},"end":{"line":159,"column":3}},"160":{"start":{"line":161,"column":0},"end":{"line":161,"column":16}},"161":{"start":{"line":162,"column":0},"end":{"line":162,"column":12}},"162":{"start":{"line":163,"column":0},"end":{"line":163,"column":67}},"163":{"start":{"line":164,"column":0},"end":{"line":164,"column":39}},"164":{"start":{"line":165,"column":0},"end":{"line":165,"column":58}},"165":{"start":{"line":166,"column":0},"end":{"line":166,"column":40}},"166":{"start":{"line":167,"column":0},"end":{"line":167,"column":14}},"167":{"start":{"line":168,"column":0},"end":{"line":168,"column":12}},"169":{"start":{"line":170,"column":0},"end":{"line":170,"column":3}},"171":{"start":{"line":172,"column":0},"end":{"line":172,"column":6}},"172":{"start":{"line":173,"column":0},"end":{"line":173,"column":11}},"173":{"start":{"line":174,"column":0},"end":{"line":174,"column":19}},"174":{"start":{"line":175,"column":0},"end":{"line":175,"column":75}},"175":{"start":{"line":176,"column":0},"end":{"line":176,"column":5}},"176":{"start":{"line":177,"column":0},"end":{"line":177,"column":38}},"177":{"start":{"line":178,"column":0},"end":{"line":178,"column":50}},"178":{"start":{"line":179,"column":0},"end":{"line":179,"column":6}},"180":{"start":{"line":181,"column":0},"end":{"line":181,"column":12}},"181":{"start":{"line":182,"column":0},"end":{"line":182,"column":17}},"182":{"start":{"line":183,"column":0},"end":{"line":183,"column":45}},"183":{"start":{"line":184,"column":0},"end":{"line":184,"column":42}},"184":{"start":{"line":185,"column":0},"end":{"line":185,"column":55}},"186":{"start":{"line":187,"column":0},"end":{"line":187,"column":16}},"187":{"start":{"line":188,"column":0},"end":{"line":188,"column":46}},"188":{"start":{"line":189,"column":0},"end":{"line":189,"column":56}},"189":{"start":{"line":190,"column":0},"end":{"line":190,"column":10}},"190":{"start":{"line":191,"column":0},"end":{"line":191,"column":19}},"192":{"start":{"line":193,"column":0},"end":{"line":193,"column":3}},"194":{"start":{"line":195,"column":0},"end":{"line":195,"column":66}},"195":{"start":{"line":196,"column":0},"end":{"line":196,"column":54}},"196":{"start":{"line":197,"column":0},"end":{"line":197,"column":28}},"197":{"start":{"line":198,"column":0},"end":{"line":198,"column":22}},"198":{"start":{"line":199,"column":0},"end":{"line":199,"column":59}},"199":{"start":{"line":200,"column":0},"end":{"line":200,"column":10}},"201":{"start":{"line":202,"column":0},"end":{"line":202,"column":10}},"202":{"start":{"line":203,"column":0},"end":{"line":203,"column":6}},"203":{"start":{"line":204,"column":0},"end":{"line":204,"column":61}},"204":{"start":{"line":205,"column":0},"end":{"line":205,"column":37}},"205":{"start":{"line":206,"column":0},"end":{"line":206,"column":29}},"206":{"start":{"line":207,"column":0},"end":{"line":207,"column":75}},"207":{"start":{"line":208,"column":0},"end":{"line":208,"column":50}},"208":{"start":{"line":209,"column":0},"end":{"line":209,"column":30}},"209":{"start":{"line":210,"column":0},"end":{"line":210,"column":27}},"210":{"start":{"line":211,"column":0},"end":{"line":211,"column":43}},"211":{"start":{"line":212,"column":0},"end":{"line":212,"column":60}},"213":{"start":{"line":214,"column":0},"end":{"line":214,"column":27}},"214":{"start":{"line":215,"column":0},"end":{"line":215,"column":42}},"215":{"start":{"line":216,"column":0},"end":{"line":216,"column":43}},"216":{"start":{"line":217,"column":0},"end":{"line":217,"column":45}},"217":{"start":{"line":218,"column":0},"end":{"line":218,"column":29}},"218":{"start":{"line":219,"column":0},"end":{"line":219,"column":66}},"219":{"start":{"line":220,"column":0},"end":{"line":220,"column":24}},"220":{"start":{"line":221,"column":0},"end":{"line":221,"column":44}},"221":{"start":{"line":222,"column":0},"end":{"line":222,"column":31}},"222":{"start":{"line":223,"column":0},"end":{"line":223,"column":46}},"223":{"start":{"line":224,"column":0},"end":{"line":224,"column":32}},"224":{"start":{"line":225,"column":0},"end":{"line":225,"column":30}},"225":{"start":{"line":226,"column":0},"end":{"line":226,"column":33}},"226":{"start":{"line":227,"column":0},"end":{"line":227,"column":23}},"227":{"start":{"line":228,"column":0},"end":{"line":228,"column":29}},"228":{"start":{"line":229,"column":0},"end":{"line":229,"column":27}},"229":{"start":{"line":230,"column":0},"end":{"line":230,"column":33}},"230":{"start":{"line":231,"column":0},"end":{"line":231,"column":71}},"231":{"start":{"line":232,"column":0},"end":{"line":232,"column":22}},"232":{"start":{"line":233,"column":0},"end":{"line":233,"column":58}},"233":{"start":{"line":234,"column":0},"end":{"line":234,"column":59}},"234":{"start":{"line":235,"column":0},"end":{"line":235,"column":33}},"235":{"start":{"line":236,"column":0},"end":{"line":236,"column":71}},"236":{"start":{"line":237,"column":0},"end":{"line":237,"column":23}},"237":{"start":{"line":238,"column":0},"end":{"line":238,"column":20}},"238":{"start":{"line":239,"column":0},"end":{"line":239,"column":33}},"239":{"start":{"line":240,"column":0},"end":{"line":240,"column":34}},"240":{"start":{"line":241,"column":0},"end":{"line":241,"column":29}},"242":{"start":{"line":243,"column":0},"end":{"line":243,"column":53}},"243":{"start":{"line":244,"column":0},"end":{"line":244,"column":54}},"244":{"start":{"line":245,"column":0},"end":{"line":245,"column":71}},"245":{"start":{"line":246,"column":0},"end":{"line":246,"column":27}},"246":{"start":{"line":247,"column":0},"end":{"line":247,"column":60}},"247":{"start":{"line":248,"column":0},"end":{"line":248,"column":63}},"248":{"start":{"line":249,"column":0},"end":{"line":249,"column":51}},"249":{"start":{"line":250,"column":0},"end":{"line":250,"column":38}},"250":{"start":{"line":251,"column":0},"end":{"line":251,"column":51}},"251":{"start":{"line":252,"column":0},"end":{"line":252,"column":72}},"253":{"start":{"line":254,"column":0},"end":{"line":254,"column":40}},"254":{"start":{"line":255,"column":0},"end":{"line":255,"column":39}},"255":{"start":{"line":256,"column":0},"end":{"line":256,"column":80}},"256":{"start":{"line":257,"column":0},"end":{"line":257,"column":43}},"258":{"start":{"line":259,"column":0},"end":{"line":259,"column":24}},"259":{"start":{"line":260,"column":0},"end":{"line":260,"column":26}},"260":{"start":{"line":261,"column":0},"end":{"line":261,"column":24}},"261":{"start":{"line":262,"column":0},"end":{"line":262,"column":29}},"262":{"start":{"line":263,"column":0},"end":{"line":263,"column":32}},"263":{"start":{"line":264,"column":0},"end":{"line":264,"column":18}},"264":{"start":{"line":265,"column":0},"end":{"line":265,"column":38}},"265":{"start":{"line":266,"column":0},"end":{"line":266,"column":25}},"266":{"start":{"line":267,"column":0},"end":{"line":267,"column":47}},"267":{"start":{"line":268,"column":0},"end":{"line":268,"column":46}},"268":{"start":{"line":269,"column":0},"end":{"line":269,"column":46}},"269":{"start":{"line":270,"column":0},"end":{"line":270,"column":51}},"271":{"start":{"line":272,"column":0},"end":{"line":272,"column":23}},"272":{"start":{"line":273,"column":0},"end":{"line":273,"column":40}},"273":{"start":{"line":274,"column":0},"end":{"line":274,"column":38}},"274":{"start":{"line":275,"column":0},"end":{"line":275,"column":43}},"276":{"start":{"line":277,"column":0},"end":{"line":277,"column":58}},"277":{"start":{"line":278,"column":0},"end":{"line":278,"column":25}},"278":{"start":{"line":279,"column":0},"end":{"line":279,"column":27}},"280":{"start":{"line":281,"column":0},"end":{"line":281,"column":14}},"281":{"start":{"line":282,"column":0},"end":{"line":282,"column":42}},"282":{"start":{"line":283,"column":0},"end":{"line":283,"column":75}},"283":{"start":{"line":284,"column":0},"end":{"line":284,"column":13}},"286":{"start":{"line":287,"column":0},"end":{"line":287,"column":16}},"287":{"start":{"line":288,"column":0},"end":{"line":288,"column":16}},"289":{"start":{"line":290,"column":0},"end":{"line":290,"column":12}},"290":{"start":{"line":291,"column":0},"end":{"line":291,"column":7}},"292":{"start":{"line":293,"column":0},"end":{"line":293,"column":2}}},"s":{"0":1,"6":1,"7":1,"8":1,"9":1,"10":1,"11":1,"13":1,"14":101,"15":101,"16":101,"17":101,"18":101,"20":101,"21":101,"23":101,"24":101,"25":101,"27":101,"28":101,"29":101,"31":101,"32":42,"33":42,"34":42,"35":42,"36":101,"38":101,"39":41,"40":1,"41":1,"42":1,"43":101,"45":101,"46":101,"47":7,"49":7,"50":7,"51":7,"52":7,"53":101,"54":101,"56":101,"57":7,"58":7,"59":7,"60":101,"62":101,"63":4,"64":0,"65":0,"66":101,"68":101,"69":48,"71":48,"72":4,"73":4,"75":4,"76":3,"77":4,"78":1,"79":1,"80":4,"82":48,"83":48,"84":48,"85":48,"86":101,"88":101,"89":48,"90":9,"92":9,"93":4,"94":4,"95":9,"96":3,"97":3,"98":3,"99":9,"101":48,"102":48,"103":48,"104":48,"105":101,"107":101,"108":4,"109":4,"110":4,"111":4,"113":4,"114":1,"115":1,"116":1,"117":4,"118":3,"119":3,"120":4,"121":4,"122":0,"123":4,"124":4,"126":101,"127":101,"129":101,"130":0,"131":0,"132":0,"133":0,"135":101,"136":1,"137":1,"138":1,"139":1,"140":1,"142":101,"143":4,"144":4,"145":4,"147":4,"148":4,"150":4,"152":101,"153":2,"154":2,"155":2,"156":2,"158":2,"160":101,"161":2,"162":2,"163":2,"164":2,"165":2,"166":2,"167":2,"169":2,"171":93,"172":93,"173":93,"174":92,"175":101,"176":3,"177":3,"178":3,"180":3,"181":3,"182":3,"183":3,"184":3,"186":3,"187":3,"188":3,"189":3,"190":3,"192":3,"194":101,"195":101,"196":101,"197":101,"198":66,"199":24,"201":101,"202":101,"203":101,"204":101,"205":101,"206":66,"207":66,"208":66,"209":66,"210":66,"211":66,"213":66,"214":66,"215":66,"216":66,"217":66,"218":66,"219":0,"220":0,"221":0,"222":0,"223":0,"224":0,"225":0,"226":0,"227":66,"228":66,"229":66,"230":66,"231":66,"232":66,"233":0,"234":0,"235":0,"236":0,"237":66,"238":66,"239":66,"240":66,"242":66,"243":66,"244":66,"245":66,"246":66,"247":66,"248":66,"249":66,"250":66,"251":4,"253":66,"254":66,"255":66,"256":66,"258":66,"259":66,"260":66,"261":66,"262":66,"263":66,"264":66,"265":0,"266":0,"267":0,"268":0,"269":0,"271":0,"272":0,"273":0,"274":0,"276":0,"277":0,"278":0,"280":66,"281":66,"282":66,"283":66,"286":66,"287":66,"289":101,"290":101,"292":101},"branchMap":{"0":{"type":"branch","line":14,"loc":{"start":{"line":14,"column":29},"end":{"line":293,"column":2}},"locations":[{"start":{"line":14,"column":29},"end":{"line":293,"column":2}}]},"1":{"type":"branch","line":61,"loc":{"start":{"line":61,"column":6},"end":{"line":61,"column":23}},"locations":[{"start":{"line":61,"column":6},"end":{"line":61,"column":23}}]},"2":{"type":"branch","line":128,"loc":{"start":{"line":128,"column":4},"end":{"line":128,"column":23}},"locations":[{"start":{"line":128,"column":4},"end":{"line":128,"column":23}}]},"3":{"type":"branch","line":128,"loc":{"start":{"line":128,"column":10},"end":{"line":128,"column":64}},"locations":[{"start":{"line":128,"column":10},"end":{"line":128,"column":64}}]},"4":{"type":"branch","line":143,"loc":{"start":{"line":143,"column":13},"end":{"line":151,"column":3}},"locations":[{"start":{"line":143,"column":13},"end":{"line":151,"column":3}}]},"5":{"type":"branch","line":151,"loc":{"start":{"line":151,"column":2},"end":{"line":153,"column":17}},"locations":[{"start":{"line":151,"column":2},"end":{"line":153,"column":17}}]},"6":{"type":"branch","line":153,"loc":{"start":{"line":153,"column":17},"end":{"line":159,"column":3}},"locations":[{"start":{"line":153,"column":17},"end":{"line":159,"column":3}}]},"7":{"type":"branch","line":159,"loc":{"start":{"line":159,"column":2},"end":{"line":161,"column":15}},"locations":[{"start":{"line":159,"column":2},"end":{"line":161,"column":15}}]},"8":{"type":"branch","line":161,"loc":{"start":{"line":161,"column":15},"end":{"line":170,"column":3}},"locations":[{"start":{"line":161,"column":15},"end":{"line":170,"column":3}}]},"9":{"type":"branch","line":170,"loc":{"start":{"line":170,"column":2},"end":{"line":175,"column":75}},"locations":[{"start":{"line":170,"column":2},"end":{"line":175,"column":75}}]},"10":{"type":"branch","line":174,"loc":{"start":{"line":174,"column":5},"end":{"line":175,"column":75}},"locations":[{"start":{"line":174,"column":5},"end":{"line":175,"column":75}}]},"11":{"type":"branch","line":175,"loc":{"start":{"line":175,"column":7},"end":{"line":175,"column":35}},"locations":[{"start":{"line":175,"column":7},"end":{"line":175,"column":35}}]},"12":{"type":"branch","line":175,"loc":{"start":{"line":175,"column":29},"end":{"line":175,"column":75}},"locations":[{"start":{"line":175,"column":29},"end":{"line":175,"column":75}}]},"13":{"type":"branch","line":176,"loc":{"start":{"line":176,"column":4},"end":{"line":193,"column":3}},"locations":[{"start":{"line":176,"column":4},"end":{"line":193,"column":3}}]},"14":{"type":"branch","line":178,"loc":{"start":{"line":178,"column":6},"end":{"line":178,"column":48}},"locations":[{"start":{"line":178,"column":6},"end":{"line":178,"column":48}}]},"15":{"type":"branch","line":178,"loc":{"start":{"line":178,"column":28},"end":{"line":178,"column":50}},"locations":[{"start":{"line":178,"column":28},"end":{"line":178,"column":50}}]},"16":{"type":"branch","line":188,"loc":{"start":{"line":188,"column":25},"end":{"line":188,"column":46}},"locations":[{"start":{"line":188,"column":25},"end":{"line":188,"column":46}}]},"17":{"type":"branch","line":193,"loc":{"start":{"line":193,"column":2},"end":{"line":195,"column":32}},"locations":[{"start":{"line":193,"column":2},"end":{"line":195,"column":32}}]},"18":{"type":"branch","line":195,"loc":{"start":{"line":195,"column":26},"end":{"line":195,"column":66}},"locations":[{"start":{"line":195,"column":26},"end":{"line":195,"column":66}}]},"19":{"type":"branch","line":196,"loc":{"start":{"line":196,"column":25},"end":{"line":196,"column":52}},"locations":[{"start":{"line":196,"column":25},"end":{"line":196,"column":52}}]},"20":{"type":"branch","line":196,"loc":{"start":{"line":196,"column":42},"end":{"line":196,"column":54}},"locations":[{"start":{"line":196,"column":42},"end":{"line":196,"column":54}}]},"21":{"type":"branch","line":198,"loc":{"start":{"line":198,"column":21},"end":{"line":199,"column":59}},"locations":[{"start":{"line":198,"column":21},"end":{"line":199,"column":59}}]},"22":{"type":"branch","line":199,"loc":{"start":{"line":199,"column":58},"end":{"line":200,"column":10}},"locations":[{"start":{"line":199,"column":58},"end":{"line":200,"column":10}}]},"23":{"type":"branch","line":206,"loc":{"start":{"line":206,"column":9},"end":{"line":288,"column":16}},"locations":[{"start":{"line":206,"column":9},"end":{"line":288,"column":16}}]},"24":{"type":"branch","line":257,"loc":{"start":{"line":257,"column":26},"end":{"line":257,"column":39}},"locations":[{"start":{"line":257,"column":26},"end":{"line":257,"column":39}}]},"25":{"type":"branch","line":257,"loc":{"start":{"line":257,"column":29},"end":{"line":257,"column":43}},"locations":[{"start":{"line":257,"column":29},"end":{"line":257,"column":43}}]},"26":{"type":"branch","line":265,"loc":{"start":{"line":265,"column":13},"end":{"line":279,"column":27}},"locations":[{"start":{"line":265,"column":13},"end":{"line":279,"column":27}}]},"27":{"type":"branch","line":283,"loc":{"start":{"line":283,"column":34},"end":{"line":283,"column":66}},"locations":[{"start":{"line":283,"column":34},"end":{"line":283,"column":66}}]},"28":{"type":"branch","line":32,"loc":{"start":{"line":32,"column":12},"end":{"line":37,"column":5}},"locations":[{"start":{"line":32,"column":12},"end":{"line":37,"column":5}}]},"29":{"type":"branch","line":39,"loc":{"start":{"line":39,"column":12},"end":{"line":44,"column":5}},"locations":[{"start":{"line":39,"column":12},"end":{"line":44,"column":5}}]},"30":{"type":"branch","line":40,"loc":{"start":{"line":40,"column":19},"end":{"line":43,"column":5}},"locations":[{"start":{"line":40,"column":19},"end":{"line":43,"column":5}}]},"31":{"type":"branch","line":47,"loc":{"start":{"line":47,"column":4},"end":{"line":53,"column":6}},"locations":[{"start":{"line":47,"column":4},"end":{"line":53,"column":6}}]},"32":{"type":"branch","line":48,"loc":{"start":{"line":48,"column":60},"end":{"line":48,"column":67}},"locations":[{"start":{"line":48,"column":60},"end":{"line":48,"column":67}}]},"33":{"type":"branch","line":57,"loc":{"start":{"line":57,"column":39},"end":{"line":61,"column":5}},"locations":[{"start":{"line":57,"column":39},"end":{"line":61,"column":5}}]},"34":{"type":"branch","line":63,"loc":{"start":{"line":63,"column":39},"end":{"line":67,"column":5}},"locations":[{"start":{"line":63,"column":39},"end":{"line":67,"column":5}}]},"35":{"type":"branch","line":64,"loc":{"start":{"line":64,"column":34},"end":{"line":66,"column":5}},"locations":[{"start":{"line":64,"column":34},"end":{"line":66,"column":5}}]},"36":{"type":"branch","line":69,"loc":{"start":{"line":69,"column":12},"end":{"line":87,"column":5}},"locations":[{"start":{"line":69,"column":12},"end":{"line":87,"column":5}}]},"37":{"type":"branch","line":83,"loc":{"start":{"line":83,"column":4},"end":{"line":83,"column":32}},"locations":[{"start":{"line":83,"column":4},"end":{"line":83,"column":32}}]},"38":{"type":"branch","line":72,"loc":{"start":{"line":72,"column":24},"end":{"line":81,"column":6}},"locations":[{"start":{"line":72,"column":24},"end":{"line":81,"column":6}}]},"39":{"type":"branch","line":73,"loc":{"start":{"line":73,"column":23},"end":{"line":73,"column":30}},"locations":[{"start":{"line":73,"column":23},"end":{"line":73,"column":30}}]},"40":{"type":"branch","line":76,"loc":{"start":{"line":76,"column":28},"end":{"line":78,"column":13}},"locations":[{"start":{"line":76,"column":28},"end":{"line":78,"column":13}}]},"41":{"type":"branch","line":78,"loc":{"start":{"line":78,"column":6},"end":{"line":80,"column":7}},"locations":[{"start":{"line":78,"column":6},"end":{"line":80,"column":7}}]},"42":{"type":"branch","line":84,"loc":{"start":{"line":84,"column":11},"end":{"line":86,"column":6}},"locations":[{"start":{"line":84,"column":11},"end":{"line":86,"column":6}}]},"43":{"type":"branch","line":85,"loc":{"start":{"line":85,"column":6},"end":{"line":85,"column":37}},"locations":[{"start":{"line":85,"column":6},"end":{"line":85,"column":37}}]},"44":{"type":"branch","line":89,"loc":{"start":{"line":89,"column":12},"end":{"line":106,"column":5}},"locations":[{"start":{"line":89,"column":12},"end":{"line":106,"column":5}}]},"45":{"type":"branch","line":90,"loc":{"start":{"line":90,"column":26},"end":{"line":100,"column":6}},"locations":[{"start":{"line":90,"column":26},"end":{"line":100,"column":6}}]},"46":{"type":"branch","line":91,"loc":{"start":{"line":91,"column":23},"end":{"line":91,"column":30}},"locations":[{"start":{"line":91,"column":23},"end":{"line":91,"column":30}}]},"47":{"type":"branch","line":91,"loc":{"start":{"line":91,"column":23},"end":{"line":93,"column":39}},"locations":[{"start":{"line":91,"column":23},"end":{"line":93,"column":39}}]},"48":{"type":"branch","line":93,"loc":{"start":{"line":93,"column":24},"end":{"line":93,"column":67}},"locations":[{"start":{"line":93,"column":24},"end":{"line":93,"column":67}}]},"49":{"type":"branch","line":93,"loc":{"start":{"line":93,"column":67},"end":{"line":96,"column":17}},"locations":[{"start":{"line":93,"column":67},"end":{"line":96,"column":17}}]},"50":{"type":"branch","line":96,"loc":{"start":{"line":96,"column":6},"end":{"line":99,"column":7}},"locations":[{"start":{"line":96,"column":6},"end":{"line":99,"column":7}}]},"51":{"type":"branch","line":96,"loc":{"start":{"line":96,"column":31},"end":{"line":96,"column":71}},"locations":[{"start":{"line":96,"column":31},"end":{"line":96,"column":71}}]},"52":{"type":"branch","line":103,"loc":{"start":{"line":103,"column":11},"end":{"line":105,"column":6}},"locations":[{"start":{"line":103,"column":11},"end":{"line":105,"column":6}}]},"53":{"type":"branch","line":108,"loc":{"start":{"line":108,"column":29},"end":{"line":125,"column":4}},"locations":[{"start":{"line":108,"column":29},"end":{"line":125,"column":4}}]},"54":{"type":"branch","line":109,"loc":{"start":{"line":109,"column":15},"end":{"line":121,"column":5}},"locations":[{"start":{"line":109,"column":15},"end":{"line":121,"column":5}}]},"55":{"type":"branch","line":114,"loc":{"start":{"line":114,"column":38},"end":{"line":118,"column":13}},"locations":[{"start":{"line":114,"column":38},"end":{"line":118,"column":13}}]},"56":{"type":"branch","line":118,"loc":{"start":{"line":118,"column":6},"end":{"line":120,"column":7}},"locations":[{"start":{"line":118,"column":6},"end":{"line":120,"column":7}}]},"57":{"type":"branch","line":111,"loc":{"start":{"line":111,"column":8},"end":{"line":111,"column":52}},"locations":[{"start":{"line":111,"column":8},"end":{"line":111,"column":52}}]},"58":{"type":"branch","line":136,"loc":{"start":{"line":136,"column":22},"end":{"line":141,"column":4}},"locations":[{"start":{"line":136,"column":22},"end":{"line":141,"column":4}}]},"59":{"type":"branch","line":212,"loc":{"start":{"line":212,"column":32},"end":{"line":212,"column":60}},"locations":[{"start":{"line":212,"column":32},"end":{"line":212,"column":60}}]},"60":{"type":"branch","line":251,"loc":{"start":{"line":251,"column":40},"end":{"line":252,"column":72}},"locations":[{"start":{"line":251,"column":40},"end":{"line":252,"column":72}}]},"61":{"type":"branch","line":256,"loc":{"start":{"line":256,"column":28},"end":{"line":256,"column":80}},"locations":[{"start":{"line":256,"column":28},"end":{"line":256,"column":80}}]}},"b":{"0":[101],"1":[95],"2":[95],"3":[95],"4":[4],"5":[97],"6":[2],"7":[95],"8":[2],"9":[93],"10":[92],"11":[2],"12":[2],"13":[3],"14":[2],"15":[1],"16":[0],"17":[90],"18":[88],"19":[88],"20":[2],"21":[66],"22":[24],"23":[66],"24":[8],"25":[58],"26":[0],"27":[0],"28":[42],"29":[41],"30":[1],"31":[7],"32":[0],"33":[7],"34":[4],"35":[0],"36":[48],"37":[31],"38":[4],"39":[0],"40":[3],"41":[1],"42":[48],"43":[31],"44":[48],"45":[9],"46":[2],"47":[7],"48":[4],"49":[4],"50":[3],"51":[1],"52":[48],"53":[4],"54":[4],"55":[1],"56":[3],"57":[1],"58":[1],"59":[59],"60":[4],"61":[8]},"fnMap":{"0":{"name":"Questionnaire","decl":{"start":{"line":14,"column":29},"end":{"line":293,"column":2}},"loc":{"start":{"line":14,"column":29},"end":{"line":293,"column":2}},"line":14},"1":{"name":"handleWheel","decl":{"start":{"line":72,"column":24},"end":{"line":81,"column":6}},"loc":{"start":{"line":72,"column":24},"end":{"line":81,"column":6}},"line":72},"2":{"name":"handleKeyDown","decl":{"start":{"line":90,"column":26},"end":{"line":100,"column":6}},"loc":{"start":{"line":90,"column":26},"end":{"line":100,"column":6}},"line":90},"3":{"name":"handleSelectOption","decl":{"start":{"line":108,"column":29},"end":{"line":125,"column":4}},"loc":{"start":{"line":108,"column":29},"end":{"line":125,"column":4}},"line":108},"4":{"name":"handleSubmit","decl":{"start":{"line":130,"column":23},"end":{"line":134,"column":4}},"loc":{"start":{"line":130,"column":23},"end":{"line":134,"column":4}},"line":130},"5":{"name":"handleLogin","decl":{"start":{"line":136,"column":22},"end":{"line":141,"column":4}},"loc":{"start":{"line":136,"column":22},"end":{"line":141,"column":4}},"line":136},"6":{"name":"onButtonClick","decl":{"start":{"line":189,"column":25},"end":{"line":189,"column":56}},"loc":{"start":{"line":189,"column":25},"end":{"line":189,"column":56}},"line":189},"7":{"name":"onExitComplete","decl":{"start":{"line":212,"column":32},"end":{"line":212,"column":60}},"loc":{"start":{"line":212,"column":32},"end":{"line":212,"column":60}},"line":212},"8":{"name":"enter","decl":{"start":{"line":219,"column":27},"end":{"line":227,"column":23}},"loc":{"start":{"line":219,"column":27},"end":{"line":227,"column":23}},"line":219},"9":{"name":"exit","decl":{"start":{"line":233,"column":26},"end":{"line":237,"column":23}},"loc":{"start":{"line":233,"column":26},"end":{"line":237,"column":23}},"line":233},"10":{"name":"onSelectOption","decl":{"start":{"line":251,"column":40},"end":{"line":252,"column":72}},"loc":{"start":{"line":251,"column":40},"end":{"line":252,"column":72}},"line":251}},"f":{"0":101,"1":4,"2":9,"3":4,"4":0,"5":1,"6":0,"7":59,"8":0,"9":0,"10":4}}
,"/home/razvan/bright/src/components/Questionnaire/index.ts": {"path":"/home/razvan/bright/src/components/Questionnaire/index.ts","all":false,"statementMap":{"0":{"start":{"line":1,"column":0},"end":{"line":1,"column":32}}},"s":{"0":1},"branchMap":{},"b":{},"fnMap":{},"f":{}}
,"/home/razvan/bright/src/components/Questionnaire/components/index.ts": {"path":"/home/razvan/bright/src/components/Questionnaire/components/index.ts","all":false,"statementMap":{"0":{"start":{"line":1,"column":0},"end":{"line":1,"column":34}},"1":{"start":{"line":2,"column":0},"end":{"line":2,"column":26}},"2":{"start":{"line":3,"column":0},"end":{"line":3,"column":30}}},"s":{"0":1,"1":1,"2":1},"branchMap":{},"b":{},"fnMap":{},"f":{}}
,"/home/razvan/bright/src/components/Questionnaire/components/Progressbar/Progressbar.tsx": {"path":"/home/razvan/bright/src/components/Questionnaire/components/Progressbar/Progressbar.tsx","all":false,"statementMap":{"0":{"start":{"line":1,"column":0},"end":{"line":1,"column":27}},"6":{"start":{"line":7,"column":0},"end":{"line":7,"column":80}},"7":{"start":{"line":8,"column":0},"end":{"line":8,"column":10}},"8":{"start":{"line":9,"column":0},"end":{"line":9,"column":33}},"9":{"start":{"line":10,"column":0},"end":{"line":10,"column":43}},"10":{"start":{"line":11,"column":0},"end":{"line":11,"column":42}},"11":{"start":{"line":12,"column":0},"end":{"line":12,"column":12}},"12":{"start":{"line":13,"column":0},"end":{"line":13,"column":45}},"13":{"start":{"line":14,"column":0},"end":{"line":14,"column":53}},"14":{"start":{"line":15,"column":0},"end":{"line":15,"column":15}},"15":{"start":{"line":16,"column":0},"end":{"line":16,"column":12}},"16":{"start":{"line":17,"column":0},"end":{"line":17,"column":10}},"18":{"start":{"line":19,"column":0},"end":{"line":19,"column":2}}},"s":{"0":1,"6":1,"7":88,"8":88,"9":88,"10":88,"11":88,"12":88,"13":88,"14":88,"15":88,"16":88,"18":88},"branchMap":{"0":{"type":"branch","line":7,"loc":{"start":{"line":7,"column":27},"end":{"line":19,"column":2}},"locations":[{"start":{"line":7,"column":27},"end":{"line":19,"column":2}}]}},"b":{"0":[88]},"fnMap":{"0":{"name":"Progressbar","decl":{"start":{"line":7,"column":27},"end":{"line":19,"column":2}},"loc":{"start":{"line":7,"column":27},"end":{"line":19,"column":2}},"line":7}},"f":{"0":88}}
,"/home/razvan/bright/src/components/Questionnaire/components/Progressbar/index.tsx": {"path":"/home/razvan/bright/src/components/Questionnaire/components/Progressbar/index.tsx","all":false,"statementMap":{"0":{"start":{"line":1,"column":0},"end":{"line":1,"column":30}}},"s":{"0":1},"branchMap":{},"b":{},"fnMap":{},"f":{}}
,"/home/razvan/bright/src/components/Questionnaire/components/QuestionOptions/QuestionOptions.tsx": {"path":"/home/razvan/bright/src/components/Questionnaire/components/QuestionOptions/QuestionOptions.tsx","all":false,"statementMap":{"0":{"start":{"line":1,"column":0},"end":{"line":1,"column":26}},"1":{"start":{"line":2,"column":0},"end":{"line":2,"column":31}},"8":{"start":{"line":9,"column":0},"end":{"line":9,"column":65}},"9":{"start":{"line":10,"column":0},"end":{"line":10,"column":17}},"10":{"start":{"line":11,"column":0},"end":{"line":11,"column":17}},"11":{"start":{"line":12,"column":0},"end":{"line":12,"column":7}},"12":{"start":{"line":13,"column":0},"end":{"line":13,"column":61}},"14":{"start":{"line":15,"column":0},"end":{"line":15,"column":10}},"15":{"start":{"line":16,"column":0},"end":{"line":16,"column":38}},"16":{"start":{"line":17,"column":0},"end":{"line":17,"column":41}},"17":{"start":{"line":18,"column":0},"end":{"line":18,"column":34}},"18":{"start":{"line":19,"column":0},"end":{"line":19,"column":17}},"19":{"start":{"line":20,"column":0},"end":{"line":20,"column":24}},"20":{"start":{"line":21,"column":0},"end":{"line":21,"column":40}},"21":{"start":{"line":22,"column":0},"end":{"line":22,"column":57}},"22":{"start":{"line":23,"column":0},"end":{"line":23,"column":15}},"23":{"start":{"line":24,"column":0},"end":{"line":24,"column":50}},"24":{"start":{"line":25,"column":0},"end":{"line":25,"column":12}},"25":{"start":{"line":26,"column":0},"end":{"line":26,"column":11}},"26":{"start":{"line":27,"column":0},"end":{"line":27,"column":12}},"27":{"start":{"line":28,"column":0},"end":{"line":28,"column":38}},"28":{"start":{"line":29,"column":0},"end":{"line":29,"column":38}},"29":{"start":{"line":30,"column":0},"end":{"line":30,"column":35}},"30":{"start":{"line":31,"column":0},"end":{"line":31,"column":12}},"31":{"start":{"line":32,"column":0},"end":{"line":32,"column":10}},"33":{"start":{"line":34,"column":0},"end":{"line":34,"column":2}}},"s":{"0":1,"1":1,"8":1,"9":67,"10":67,"11":67,"12":67,"14":67,"15":67,"16":67,"17":67,"18":536,"19":536,"20":536,"21":536,"22":536,"23":536,"24":536,"25":67,"26":67,"27":67,"28":67,"29":67,"30":67,"31":67,"33":67},"branchMap":{"0":{"type":"branch","line":9,"loc":{"start":{"line":9,"column":63},"end":{"line":34,"column":2}},"locations":[{"start":{"line":9,"column":63},"end":{"line":34,"column":2}}]},"1":{"type":"branch","line":13,"loc":{"start":{"line":13,"column":44},"end":{"line":13,"column":59}},"locations":[{"start":{"line":13,"column":44},"end":{"line":13,"column":59}}]},"2":{"type":"branch","line":18,"loc":{"start":{"line":18,"column":21},"end":{"line":25,"column":12}},"locations":[{"start":{"line":18,"column":21},"end":{"line":25,"column":12}}]},"3":{"type":"branch","line":22,"loc":{"start":{"line":22,"column":33},"end":{"line":22,"column":55}},"locations":[{"start":{"line":22,"column":33},"end":{"line":22,"column":55}}]},"4":{"type":"branch","line":22,"loc":{"start":{"line":22,"column":42},"end":{"line":22,"column":57}},"locations":[{"start":{"line":22,"column":42},"end":{"line":22,"column":57}}]},"5":{"type":"branch","line":24,"loc":{"start":{"line":24,"column":21},"end":{"line":24,"column":50}},"locations":[{"start":{"line":24,"column":21},"end":{"line":24,"column":50}}]}},"b":{"0":[67],"1":[536],"2":[536],"3":[6],"4":[530],"5":[7]},"fnMap":{"0":{"name":"QuestionOptions","decl":{"start":{"line":9,"column":63},"end":{"line":34,"column":2}},"loc":{"start":{"line":9,"column":63},"end":{"line":34,"column":2}},"line":9},"1":{"name":"onClick","decl":{"start":{"line":24,"column":21},"end":{"line":24,"column":50}},"loc":{"start":{"line":24,"column":21},"end":{"line":24,"column":50}},"line":24}},"f":{"0":67,"1":7}}
,"/home/razvan/bright/src/components/Questionnaire/components/QuestionOptions/index.ts": {"path":"/home/razvan/bright/src/components/Questionnaire/components/QuestionOptions/index.ts","all":false,"statementMap":{"0":{"start":{"line":1,"column":0},"end":{"line":1,"column":34}}},"s":{"0":1},"branchMap":{},"b":{},"fnMap":{},"f":{}}
,"/home/razvan/bright/src/components/Questionnaire/components/Results/Results.tsx": {"path":"/home/razvan/bright/src/components/Questionnaire/components/Results/Results.tsx","all":false,"statementMap":{"0":{"start":{"line":1,"column":0},"end":{"line":1,"column":23}},"7":{"start":{"line":8,"column":0},"end":{"line":8,"column":76}},"8":{"start":{"line":9,"column":0},"end":{"line":9,"column":10}},"9":{"start":{"line":10,"column":0},"end":{"line":10,"column":39}},"10":{"start":{"line":11,"column":0},"end":{"line":11,"column":38}},"11":{"start":{"line":12,"column":0},"end":{"line":12,"column":12}},"12":{"start":{"line":13,"column":0},"end":{"line":13,"column":38}},"13":{"start":{"line":14,"column":0},"end":{"line":14,"column":38}},"14":{"start":{"line":15,"column":0},"end":{"line":15,"column":38}},"15":{"start":{"line":16,"column":0},"end":{"line":16,"column":10}},"16":{"start":{"line":17,"column":0},"end":{"line":17,"column":12}},"17":{"start":{"line":18,"column":0},"end":{"line":18,"column":39}},"18":{"start":{"line":19,"column":0},"end":{"line":19,"column":73}},"19":{"start":{"line":20,"column":0},"end":{"line":20,"column":44}},"21":{"start":{"line":22,"column":0},"end":{"line":22,"column":12}},"22":{"start":{"line":23,"column":0},"end":{"line":23,"column":67}},"24":{"start":{"line":25,"column":0},"end":{"line":25,"column":17}},"25":{"start":{"line":26,"column":0},"end":{"line":26,"column":12}},"26":{"start":{"line":27,"column":0},"end":{"line":27,"column":10}},"28":{"start":{"line":29,"column":0},"end":{"line":29,"column":2}}},"s":{"0":1,"7":1,"8":9,"9":9,"10":9,"11":9,"12":9,"13":9,"14":9,"15":9,"16":9,"17":9,"18":9,"19":9,"21":9,"22":9,"24":9,"25":9,"26":9,"28":9},"branchMap":{"0":{"type":"branch","line":8,"loc":{"start":{"line":8,"column":23},"end":{"line":29,"column":2}},"locations":[{"start":{"line":8,"column":23},"end":{"line":29,"column":2}}]}},"b":{"0":[9]},"fnMap":{"0":{"name":"Results","decl":{"start":{"line":8,"column":23},"end":{"line":29,"column":2}},"loc":{"start":{"line":8,"column":23},"end":{"line":29,"column":2}},"line":8}},"f":{"0":9}}
,"/home/razvan/bright/src/components/Questionnaire/components/Results/index.ts": {"path":"/home/razvan/bright/src/components/Questionnaire/components/Results/index.ts","all":false,"statementMap":{"0":{"start":{"line":1,"column":0},"end":{"line":1,"column":26}}},"s":{"0":1},"branchMap":{},"b":{},"fnMap":{},"f":{}}
,"/home/razvan/bright/src/hooks/index.ts": {"path":"/home/razvan/bright/src/hooks/index.ts","all":true,"statementMap":{"0":{"start":{"line":1,"column":0},"end":{"line":1,"column":36}},"1":{"start":{"line":2,"column":0},"end":{"line":2,"column":35}},"2":{"start":{"line":3,"column":0},"end":{"line":3,"column":33}},"3":{"start":{"line":4,"column":0},"end":{"line":4,"column":42}}},"s":{"0":0,"1":0,"2":0,"3":0},"branchMap":{"0":{"type":"branch","line":1,"loc":{"start":{"line":1,"column":0},"end":{"line":4,"column":-35}},"locations":[{"start":{"line":1,"column":0},"end":{"line":4,"column":-35}}]}},"b":{"0":[0]},"fnMap":{"0":{"name":"(empty-report)","decl":{"start":{"line":1,"column":0},"end":{"line":4,"column":-35}},"loc":{"start":{"line":1,"column":0},"end":{"line":4,"column":-35}},"line":1}},"f":{"0":0}}
,"/home/razvan/bright/src/hooks/useFetchQuestions.ts": {"path":"/home/razvan/bright/src/hooks/useFetchQuestions.ts","all":false,"statementMap":{"0":{"start":{"line":1,"column":0},"end":{"line":1,"column":49}},"17":{"start":{"line":18,"column":0},"end":{"line":18,"column":44}},"19":{"start":{"line":20,"column":0},"end":{"line":20,"column":76}},"20":{"start":{"line":21,"column":0},"end":{"line":21,"column":31}},"21":{"start":{"line":22,"column":0},"end":{"line":22,"column":58}},"22":{"start":{"line":23,"column":0},"end":{"line":23,"column":4}},"24":{"start":{"line":25,"column":0},"end":{"line":25,"column":30}},"25":{"start":{"line":26,"column":0},"end":{"line":26,"column":49}},"26":{"start":{"line":27,"column":0},"end":{"line":27,"column":3}},"28":{"start":{"line":29,"column":0},"end":{"line":29,"column":25}},"29":{"start":{"line":30,"column":0},"end":{"line":30,"column":2}},"31":{"start":{"line":32,"column":0},"end":{"line":32,"column":59}},"32":{"start":{"line":33,"column":0},"end":{"line":33,"column":19}},"33":{"start":{"line":34,"column":0},"end":{"line":34,"column":34}},"34":{"start":{"line":35,"column":0},"end":{"line":35,"column":41}},"35":{"start":{"line":36,"column":0},"end":{"line":36,"column":20}},"36":{"start":{"line":37,"column":0},"end":{"line":37,"column":5}},"37":{"start":{"line":38,"column":0},"end":{"line":38,"column":2}}},"s":{"0":1,"17":1,"19":1,"20":3,"21":3,"22":3,"24":3,"25":1,"26":1,"28":2,"29":2,"31":1,"32":6,"33":6,"34":6,"35":6,"36":6,"37":6},"branchMap":{"0":{"type":"branch","line":20,"loc":{"start":{"line":20,"column":23},"end":{"line":30,"column":2}},"locations":[{"start":{"line":20,"column":23},"end":{"line":30,"column":2}}]},"1":{"type":"branch","line":25,"loc":{"start":{"line":25,"column":29},"end":{"line":27,"column":3}},"locations":[{"start":{"line":25,"column":29},"end":{"line":27,"column":3}}]},"2":{"type":"branch","line":27,"loc":{"start":{"line":27,"column":2},"end":{"line":30,"column":2}},"locations":[{"start":{"line":27,"column":2},"end":{"line":30,"column":2}}]},"3":{"type":"branch","line":32,"loc":{"start":{"line":32,"column":33},"end":{"line":38,"column":2}},"locations":[{"start":{"line":32,"column":33},"end":{"line":38,"column":2}}]},"4":{"type":"branch","line":35,"loc":{"start":{"line":35,"column":13},"end":{"line":35,"column":41}},"locations":[{"start":{"line":35,"column":13},"end":{"line":35,"column":41}}]}},"b":{"0":[3],"1":[1],"2":[2],"3":[6],"4":[3]},"fnMap":{"0":{"name":"fetchQuestions","decl":{"start":{"line":20,"column":23},"end":{"line":30,"column":2}},"loc":{"start":{"line":20,"column":23},"end":{"line":30,"column":2}},"line":20},"1":{"name":"useFetchQuestions","decl":{"start":{"line":32,"column":33},"end":{"line":38,"column":2}},"loc":{"start":{"line":32,"column":33},"end":{"line":38,"column":2}},"line":32},"2":{"name":"queryFn","decl":{"start":{"line":35,"column":13},"end":{"line":35,"column":41}},"loc":{"start":{"line":35,"column":13},"end":{"line":35,"column":41}},"line":35}},"f":{"0":3,"1":6,"2":3}}
,"/home/razvan/bright/src/hooks/useGetLatestSubmissions.ts": {"path":"/home/razvan/bright/src/hooks/useGetLatestSubmissions.ts","all":false,"statementMap":{"0":{"start":{"line":1,"column":0},"end":{"line":1,"column":49}},"8":{"start":{"line":9,"column":0},"end":{"line":9,"column":44}},"10":{"start":{"line":11,"column":0},"end":{"line":11,"column":38}},"11":{"start":{"line":12,"column":0},"end":{"line":12,"column":14}},"12":{"start":{"line":13,"column":0},"end":{"line":13,"column":45}},"13":{"start":{"line":14,"column":0},"end":{"line":14,"column":31}},"14":{"start":{"line":15,"column":0},"end":{"line":15,"column":60}},"15":{"start":{"line":16,"column":0},"end":{"line":16,"column":4}},"17":{"start":{"line":18,"column":0},"end":{"line":18,"column":57}},"18":{"start":{"line":19,"column":0},"end":{"line":19,"column":57}},"19":{"start":{"line":20,"column":0},"end":{"line":20,"column":3}},"21":{"start":{"line":22,"column":0},"end":{"line":22,"column":25}},"22":{"start":{"line":23,"column":0},"end":{"line":23,"column":2}},"24":{"start":{"line":25,"column":0},"end":{"line":25,"column":65}},"25":{"start":{"line":26,"column":0},"end":{"line":26,"column":19}},"26":{"start":{"line":27,"column":0},"end":{"line":27,"column":42}},"27":{"start":{"line":28,"column":0},"end":{"line":28,"column":49}},"28":{"start":{"line":29,"column":0},"end":{"line":29,"column":20}},"29":{"start":{"line":30,"column":0},"end":{"line":30,"column":5}},"30":{"start":{"line":31,"column":0},"end":{"line":31,"column":2}}},"s":{"0":1,"8":1,"10":1,"11":5,"12":5,"13":5,"14":5,"15":5,"17":5,"18":1,"19":1,"21":4,"22":4,"24":1,"25":10,"26":10,"27":10,"28":10,"29":10,"30":10},"branchMap":{"0":{"type":"branch","line":11,"loc":{"start":{"line":11,"column":31},"end":{"line":23,"column":2}},"locations":[{"start":{"line":11,"column":31},"end":{"line":23,"column":2}}]},"1":{"type":"branch","line":18,"loc":{"start":{"line":18,"column":22},"end":{"line":18,"column":56}},"locations":[{"start":{"line":18,"column":22},"end":{"line":18,"column":56}}]},"2":{"type":"branch","line":18,"loc":{"start":{"line":18,"column":56},"end":{"line":20,"column":3}},"locations":[{"start":{"line":18,"column":56},"end":{"line":20,"column":3}}]},"3":{"type":"branch","line":20,"loc":{"start":{"line":20,"column":2},"end":{"line":23,"column":2}},"locations":[{"start":{"line":20,"column":2},"end":{"line":23,"column":2}}]},"4":{"type":"branch","line":25,"loc":{"start":{"line":25,"column":39},"end":{"line":31,"column":2}},"locations":[{"start":{"line":25,"column":39},"end":{"line":31,"column":2}}]},"5":{"type":"branch","line":28,"loc":{"start":{"line":28,"column":13},"end":{"line":28,"column":49}},"locations":[{"start":{"line":28,"column":13},"end":{"line":28,"column":49}}]}},"b":{"0":[5],"1":[2],"2":[1],"3":[4],"4":[10],"5":[5]},"fnMap":{"0":{"name":"fetchLatestSubmissions","decl":{"start":{"line":11,"column":31},"end":{"line":23,"column":2}},"loc":{"start":{"line":11,"column":31},"end":{"line":23,"column":2}},"line":11},"1":{"name":"useGetLatestSubmissions","decl":{"start":{"line":25,"column":39},"end":{"line":31,"column":2}},"loc":{"start":{"line":25,"column":39},"end":{"line":31,"column":2}},"line":25},"2":{"name":"queryFn","decl":{"start":{"line":28,"column":13},"end":{"line":28,"column":49}},"loc":{"start":{"line":28,"column":13},"end":{"line":28,"column":49}},"line":28}},"f":{"0":5,"1":10,"2":5}}
,"/home/razvan/bright/src/hooks/useSubmitAnswers.ts": {"path":"/home/razvan/bright/src/hooks/useSubmitAnswers.ts","all":false,"statementMap":{"0":{"start":{"line":1,"column":0},"end":{"line":1,"column":52}},"13":{"start":{"line":14,"column":0},"end":{"line":14,"column":44}},"15":{"start":{"line":16,"column":0},"end":{"line":16,"column":30}},"16":{"start":{"line":17,"column":0},"end":{"line":17,"column":7}},"17":{"start":{"line":18,"column":0},"end":{"line":18,"column":10}},"18":{"start":{"line":19,"column":0},"end":{"line":19,"column":48}},"19":{"start":{"line":20,"column":0},"end":{"line":20,"column":70}},"20":{"start":{"line":21,"column":0},"end":{"line":21,"column":19}},"21":{"start":{"line":22,"column":0},"end":{"line":22,"column":14}},"22":{"start":{"line":23,"column":0},"end":{"line":23,"column":41}},"23":{"start":{"line":24,"column":0},"end":{"line":24,"column":6}},"24":{"start":{"line":25,"column":0},"end":{"line":25,"column":38}},"25":{"start":{"line":26,"column":0},"end":{"line":26,"column":5}},"27":{"start":{"line":28,"column":0},"end":{"line":28,"column":30}},"28":{"start":{"line":29,"column":0},"end":{"line":29,"column":48}},"29":{"start":{"line":30,"column":0},"end":{"line":30,"column":3}},"31":{"start":{"line":32,"column":0},"end":{"line":32,"column":25}},"32":{"start":{"line":33,"column":0},"end":{"line":33,"column":2}},"34":{"start":{"line":35,"column":0},"end":{"line":35,"column":39}},"35":{"start":{"line":36,"column":0},"end":{"line":36,"column":52}},"36":{"start":{"line":37,"column":0},"end":{"line":37,"column":2}}},"s":{"0":1,"13":1,"15":1,"16":4,"17":4,"18":4,"19":4,"20":4,"21":4,"22":4,"23":4,"24":4,"25":4,"27":4,"28":1,"29":1,"31":2,"32":2,"34":1,"35":9,"36":9},"branchMap":{"0":{"type":"branch","line":16,"loc":{"start":{"line":16,"column":22},"end":{"line":33,"column":2}},"locations":[{"start":{"line":16,"column":22},"end":{"line":33,"column":2}}]},"1":{"type":"branch","line":26,"loc":{"start":{"line":26,"column":3},"end":{"line":28,"column":29}},"locations":[{"start":{"line":26,"column":3},"end":{"line":28,"column":29}}]},"2":{"type":"branch","line":28,"loc":{"start":{"line":28,"column":29},"end":{"line":30,"column":3}},"locations":[{"start":{"line":28,"column":29},"end":{"line":30,"column":3}}]},"3":{"type":"branch","line":30,"loc":{"start":{"line":30,"column":2},"end":{"line":33,"column":2}},"locations":[{"start":{"line":30,"column":2},"end":{"line":33,"column":2}}]},"4":{"type":"branch","line":35,"loc":{"start":{"line":35,"column":32},"end":{"line":37,"column":2}},"locations":[{"start":{"line":35,"column":32},"end":{"line":37,"column":2}}]}},"b":{"0":[4],"1":[3],"2":[1],"3":[2],"4":[9]},"fnMap":{"0":{"name":"submitAnswers","decl":{"start":{"line":16,"column":22},"end":{"line":33,"column":2}},"loc":{"start":{"line":16,"column":22},"end":{"line":33,"column":2}},"line":16},"1":{"name":"useSubmitAnswers","decl":{"start":{"line":35,"column":32},"end":{"line":37,"column":2}},"loc":{"start":{"line":35,"column":32},"end":{"line":37,"column":2}},"line":35}},"f":{"0":4,"1":9}}
,"/home/razvan/bright/src/hooks/useUserFromUrl.ts": {"path":"/home/razvan/bright/src/hooks/useUserFromUrl.ts","all":false,"statementMap":{"0":{"start":{"line":1,"column":0},"end":{"line":1,"column":52}},"1":{"start":{"line":2,"column":0},"end":{"line":2,"column":64}},"2":{"start":{"line":3,"column":0},"end":{"line":3,"column":31}},"3":{"start":{"line":4,"column":0},"end":{"line":4,"column":2}}},"s":{"0":1,"1":5,"2":5,"3":5},"branchMap":{"0":{"type":"branch","line":1,"loc":{"start":{"line":1,"column":30},"end":{"line":4,"column":2}},"locations":[{"start":{"line":1,"column":30},"end":{"line":4,"column":2}}]}},"b":{"0":[5]},"fnMap":{"0":{"name":"useUserFromUrl","decl":{"start":{"line":1,"column":30},"end":{"line":4,"column":2}},"loc":{"start":{"line":1,"column":30},"end":{"line":4,"column":2}},"line":1}},"f":{"0":5}}
,"/home/razvan/bright/src/utils/formatDate.ts": {"path":"/home/razvan/bright/src/utils/formatDate.ts","all":false,"statementMap":{"0":{"start":{"line":1,"column":0},"end":{"line":1,"column":34}},"2":{"start":{"line":3,"column":0},"end":{"line":3,"column":79}},"3":{"start":{"line":4,"column":0},"end":{"line":4,"column":30}},"5":{"start":{"line":6,"column":0},"end":{"line":6,"column":48}},"6":{"start":{"line":7,"column":0},"end":{"line":7,"column":62}},"8":{"start":{"line":9,"column":0},"end":{"line":9,"column":34}},"9":{"start":{"line":10,"column":0},"end":{"line":10,"column":2}}},"s":{"0":1,"2":1,"3":21,"5":18,"6":21,"8":5,"9":5},"branchMap":{"0":{"type":"branch","line":3,"loc":{"start":{"line":3,"column":26},"end":{"line":10,"column":2}},"locations":[{"start":{"line":3,"column":26},"end":{"line":10,"column":2}}]},"1":{"type":"branch","line":4,"loc":{"start":{"line":4,"column":13},"end":{"line":4,"column":30}},"locations":[{"start":{"line":4,"column":13},"end":{"line":4,"column":30}}]},"2":{"type":"branch","line":4,"loc":{"start":{"line":4,"column":20},"end":{"line":7,"column":27}},"locations":[{"start":{"line":4,"column":20},"end":{"line":7,"column":27}}]},"3":{"type":"branch","line":7,"loc":{"start":{"line":7,"column":20},"end":{"line":7,"column":62}},"locations":[{"start":{"line":7,"column":20},"end":{"line":7,"column":62}}]},"4":{"type":"branch","line":7,"loc":{"start":{"line":7,"column":60},"end":{"line":10,"column":2}},"locations":[{"start":{"line":7,"column":60},"end":{"line":10,"column":2}}]}},"b":{"0":[21],"1":[3],"2":[18],"3":[13],"4":[5]},"fnMap":{"0":{"name":"formatDate","decl":{"start":{"line":3,"column":26},"end":{"line":10,"column":2}},"loc":{"start":{"line":3,"column":26},"end":{"line":10,"column":2}},"line":3}},"f":{"0":21}}
,"/home/razvan/bright/src/utils/index.ts": {"path":"/home/razvan/bright/src/utils/index.ts","all":false,"statementMap":{"0":{"start":{"line":1,"column":0},"end":{"line":1,"column":29}}},"s":{"0":1},"branchMap":{},"b":{},"fnMap":{},"f":{}}
}
